NOTE: `shap` not installed -> SHAP column will be NaN. Install with `pip install shap` to enable it.
  seed=42 done
  seed=7 done
  seed=123 done
  seed=2024 done
  seed=88 done
  seed=314 done
  seed=1 done
  seed=999 done
  seed=55 done
  seed=7777 done
  seed=13 done
  seed=21 done
  seed=34 done
  seed=101 done
  seed=202 done
  seed=303 done
  seed=404 done
  seed=505 done
  seed=606 done
  seed=808 done

Permutation-importance share by feature group (mean over seeds):

  Cd:
     mean:  clean= 0.990  ->  augmented= 0.944
      std:  clean= 0.008  ->  augmented= 0.055
       cv:  clean= 0.002  ->  augmented= 0.001
    std+cv combined:  clean= 0.010  ->  augmented= 0.056

  Pb:
     mean:  clean= 0.944  ->  augmented= 0.934
      std:  clean= 0.017  ->  augmented= 0.063
       cv:  clean= 0.038  ->  augmented= 0.003
    std+cv combined:  clean= 0.056  ->  augmented= 0.066

Saved feature_importance.csv and feature_importance_grouped.csv.
EXIT=0
=== FI DONE ===
