    seed=42 clean Cd: default=38.91% tuned=33.38%
    seed=42 clean Pb: default=10.55% tuned=8.57%
    seed=42 augmented Cd: default=12.61% tuned=12.15%
    seed=42 augmented Pb: default=9.99% tuned=9.89%
  seed=42 done
    seed=7 clean Cd: default=43.02% tuned=36.40%
    seed=7 clean Pb: default=9.97% tuned=7.49%
    seed=7 augmented Cd: default=13.31% tuned=12.29%
    seed=7 augmented Pb: default=9.72% tuned=9.11%
  seed=7 done
    seed=123 clean Cd: default=38.28% tuned=31.19%
    seed=123 clean Pb: default=9.64% tuned=7.49%
    seed=123 augmented Cd: default=12.98% tuned=11.30%
    seed=123 augmented Pb: default=8.64% tuned=8.08%
  seed=123 done
    seed=2024 clean Cd: default=35.68% tuned=30.04%
    seed=2024 clean Pb: default=9.97% tuned=7.82%
    seed=2024 augmented Cd: default=19.37% tuned=17.74%
    seed=2024 augmented Pb: default=10.61% tuned=10.13%
  seed=2024 done
    seed=88 clean Cd: default=56.77% tuned=54.18%
    seed=88 clean Pb: default=10.20% tuned=7.99%
    seed=88 augmented Cd: default=17.09% tuned=14.19%
    seed=88 augmented Pb: default=11.30% tuned=10.43%
  seed=88 done
    seed=314 clean Cd: default=38.17% tuned=32.24%
    seed=314 clean Pb: default=11.36% tuned=9.07%
    seed=314 augmented Cd: default=20.14% tuned=18.20%
    seed=314 augmented Pb: default=10.07% tuned=9.86%
  seed=314 done
    seed=1 clean Cd: default=33.16% tuned=27.86%
    seed=1 clean Pb: default=10.44% tuned=8.96%
    seed=1 augmented Cd: default=13.81% tuned=12.96%
    seed=1 augmented Pb: default=9.65% tuned=9.26%
  seed=1 done
    seed=999 clean Cd: default=35.13% tuned=28.05%
    seed=999 clean Pb: default=10.27% tuned=7.73%
    seed=999 augmented Cd: default=13.92% tuned=14.60%
    seed=999 augmented Pb: default=11.38% tuned=10.97%
  seed=999 done
    seed=55 clean Cd: default=40.82% tuned=31.77%
    seed=55 clean Pb: default=10.45% tuned=8.03%
    seed=55 augmented Cd: default=20.61% tuned=19.35%
    seed=55 augmented Pb: default=8.54% tuned=7.68%
  seed=55 done
    seed=7777 clean Cd: default=41.56% tuned=33.26%
    seed=7777 clean Pb: default=9.88% tuned=7.58%
    seed=7777 augmented Cd: default=21.76% tuned=21.56%
    seed=7777 augmented Pb: default=10.06% tuned=9.58%
  seed=7777 done

Nested-CV default vs tuned MAPE_mid (mean over seeds):
metal condition  default  tuned   impr
   Cd augmented    16.56  15.43  -6.76
   Cd     clean    40.15  33.84 -16.23
   Pb augmented    10.00   9.50  -5.05
   Pb     clean    10.27   8.07 -21.48

Does the augmentation effect persist under tuning?
  Cd: tuned clean=33.84%  tuned augmented=15.43%  -> delta=-54.4%
  Pb: tuned clean=8.07%  tuned augmented=9.50%  -> delta=+17.7%

Most frequently selected hyperparameters (across outer folds & seeds):
  Cd: {'max_depth': 20, 'min_samples_leaf': 1, 'min_samples_split': 2, 'n_estimators': 400}  (selected 32x)
  Pb: {'max_depth': 20, 'min_samples_leaf': 1, 'min_samples_split': 2, 'n_estimators': 400}  (selected 35x)

Saved hyperparameter_tuning.csv and hyperparameter_sensitivity.csv.
EXIT=0
=== HP20 DONE ===
