  seed=42 done
  seed=7 done
  seed=123 done
  seed=2024 done
  seed=88 done
  seed=314 done
  seed=1 done
  seed=999 done
  seed=55 done
  seed=7777 done
  seed=13 done
  seed=21 done
  seed=34 done
  seed=101 done
  seed=202 done
  seed=303 done
  seed=404 done
  seed=505 done
  seed=606 done
  seed=808 done

MAPE_mid by protocol (mean +/- 95% CI over seeds):

  Cd:
         A_clean:  40.42%  (95% CI 37.18, 43.65)
         B_noisy:  17.92%  (95% CI 16.01, 19.82)
     C_trainonly: 637.39%  (95% CI 616.14, 658.64)

  Pb:
         A_clean:  10.17%  (95% CI  9.98, 10.36)
         B_noisy:   9.79%  (95% CI  9.41, 10.17)
     C_trainonly:  75.28%  (95% CI 68.74, 81.83)

Paired comparisons vs clean baseline:
metal             comparison  delta_pct  delta_pct_CI_lo  delta_pct_CI_hi  wilcoxon_p_exact  n_seeds
   Cd     B_noisy_vs_A_clean     -54.92           -59.99           -49.86         9.537e-07       20
   Cd C_trainonly_vs_A_clean       1509             1406             1613                 1       20
   Pb     B_noisy_vs_A_clean      -3.71           -7.366         -0.05464           0.05826       20
   Pb C_trainonly_vs_A_clean      639.8            578.5            701.1         1.907e-06       20

Saved leakage_safe_augmentation.csv and leakage_safe_stats.csv.
EXIT=0
=== LS DONE ===
