=== baseline ===
Loading data...
  1500 files loaded.
Building features (noise=baseline, snr=0, seed=42)...
  1500 feature rows (17.1s)
Evaluating RF with stratified 5-fold CV...

Results:
  Cd: R2=0.965  MAPE=33.4%  mid=38.9%  high=8.7%
  Pb: R2=0.988  MAPE=38.0%  mid=10.6%  high=2.7%

Appended to results.csv.
Loading data...
  1500 files loaded.
Building features (noise=baseline, snr=0, seed=7)...
  1500 feature rows (17.6s)
Evaluating RF with stratified 5-fold CV...

Results:
  Cd: R2=0.963  MAPE=34.5%  mid=43.0%  high=8.8%
  Pb: R2=0.983  MAPE=35.0%  mid=10.0%  high=2.8%

Appended to results.csv.
Loading data...
  1500 files loaded.
Building features (noise=baseline, snr=0, seed=123)...
  1500 feature rows (17.6s)
Evaluating RF with stratified 5-fold CV...

Results:
  Cd: R2=0.965  MAPE=34.0%  mid=38.3%  high=8.8%
  Pb: R2=0.987  MAPE=40.3%  mid=9.6%  high=3.3%

Appended to results.csv.
Loading data...
  1500 files loaded.
Building features (noise=baseline, snr=0, seed=2024)...
  1500 feature rows (18.2s)
Evaluating RF with stratified 5-fold CV...

Results:
  Cd: R2=0.965  MAPE=32.2%  mid=35.7%  high=8.9%
  Pb: R2=0.987  MAPE=37.9%  mid=10.0%  high=3.1%

Appended to results.csv.
Loading data...
  1500 files loaded.
Building features (noise=baseline, snr=0, seed=88)...
  1500 feature rows (16.5s)
Evaluating RF with stratified 5-fold CV...

Results:
  Cd: R2=0.948  MAPE=38.2%  mid=56.8%  high=9.1%
  Pb: R2=0.987  MAPE=36.3%  mid=10.2%  high=3.0%

Appended to results.csv.
Loading data...
  1500 files loaded.
Building features (noise=baseline, snr=0, seed=314)...
  1500 feature rows (16.3s)
Evaluating RF with stratified 5-fold CV...

Results:
  Cd: R2=0.958  MAPE=35.4%  mid=38.2%  high=9.8%
  Pb: R2=0.988  MAPE=38.5%  mid=11.4%  high=2.7%

Appended to results.csv.
Loading data...
  1500 files loaded.
Building features (noise=baseline, snr=0, seed=1)...
  1500 feature rows (15.9s)
Evaluating RF with stratified 5-fold CV...

Results:
  Cd: R2=0.962  MAPE=35.5%  mid=33.2%  high=9.4%
  Pb: R2=0.988  MAPE=37.6%  mid=10.4%  high=2.8%

Appended to results.csv.
Loading data...
  1500 files loaded.
Building features (noise=baseline, snr=0, seed=999)...
  1500 feature rows (15.4s)
Evaluating RF with stratified 5-fold CV...

Results:
  Cd: R2=0.962  MAPE=31.5%  mid=35.1%  high=9.1%
  Pb: R2=0.986  MAPE=36.9%  mid=10.3%  high=3.0%

Appended to results.csv.
Loading data...
  1500 files loaded.
Building features (noise=baseline, snr=0, seed=55)...
  1500 feature rows (16.7s)
Evaluating RF with stratified 5-fold CV...

Results:
  Cd: R2=0.946  MAPE=33.5%  mid=40.8%  high=9.4%
  Pb: R2=0.985  MAPE=38.2%  mid=10.5%  high=3.3%

Appended to results.csv.
Loading data...
  1500 files loaded.
Building features (noise=baseline, snr=0, seed=7777)...
  1500 feature rows (16.9s)
Evaluating RF with stratified 5-fold CV...

Results:
  Cd: R2=0.958  MAPE=34.4%  mid=41.6%  high=9.3%
  Pb: R2=0.987  MAPE=38.9%  mid=9.9%  high=3.0%

Appended to results.csv.
Loading data...
  1500 files loaded.
Building features (noise=baseline, snr=0, seed=13)...
  1500 feature rows (38.7s)
Evaluating RF with stratified 5-fold CV...

Results:
  Cd: R2=0.967  MAPE=33.6%  mid=31.2%  high=8.6%
  Pb: R2=0.987  MAPE=33.6%  mid=10.2%  high=2.8%

Appended to results.csv.
Loading data...
  1500 files loaded.
Building features (noise=baseline, snr=0, seed=21)...
  1500 feature rows (34.0s)
Evaluating RF with stratified 5-fold CV...

Results:
  Cd: R2=0.964  MAPE=32.9%  mid=38.3%  high=8.3%
  Pb: R2=0.988  MAPE=34.3%  mid=9.5%  high=2.9%

Appended to results.csv.
Loading data...
  1500 files loaded.
Building features (noise=baseline, snr=0, seed=34)...
  1500 feature rows (18.0s)
Evaluating RF with stratified 5-fold CV...

Results:
  Cd: R2=0.964  MAPE=33.1%  mid=37.9%  high=9.3%
  Pb: R2=0.987  MAPE=34.9%  mid=10.1%  high=2.9%

Appended to results.csv.
Loading data...
  1500 files loaded.
Building features (noise=baseline, snr=0, seed=101)...
  1500 feature rows (16.7s)
Evaluating RF with stratified 5-fold CV...

Results:
  Cd: R2=0.960  MAPE=36.7%  mid=39.3%  high=8.8%
  Pb: R2=0.985  MAPE=36.6%  mid=10.4%  high=2.9%

Appended to results.csv.
Loading data...
  1500 files loaded.
Building features (noise=baseline, snr=0, seed=202)...
  1500 feature rows (17.0s)
Evaluating RF with stratified 5-fold CV...

Results:
  Cd: R2=0.951  MAPE=37.0%  mid=55.9%  high=7.9%
  Pb: R2=0.988  MAPE=36.2%  mid=10.5%  high=2.8%

Appended to results.csv.
Loading data...
  1500 files loaded.
Building features (noise=baseline, snr=0, seed=303)...
  1500 feature rows (18.1s)
Evaluating RF with stratified 5-fold CV...

Results:
  Cd: R2=0.961  MAPE=33.8%  mid=43.2%  high=8.8%
  Pb: R2=0.985  MAPE=36.6%  mid=10.4%  high=3.2%

Appended to results.csv.
Loading data...
  1500 files loaded.
Building features (noise=baseline, snr=0, seed=404)...
  1500 feature rows (17.0s)
Evaluating RF with stratified 5-fold CV...

Results:
  Cd: R2=0.952  MAPE=35.8%  mid=50.8%  high=8.9%
  Pb: R2=0.987  MAPE=34.9%  mid=9.9%  high=3.1%

Appended to results.csv.
Loading data...
  1500 files loaded.
Building features (noise=baseline, snr=0, seed=505)...
  1500 feature rows (20.6s)
Evaluating RF with stratified 5-fold CV...

Results:
  Cd: R2=0.953  MAPE=30.6%  mid=32.9%  high=9.5%
  Pb: R2=0.988  MAPE=36.5%  mid=9.8%  high=2.7%

Appended to results.csv.
Loading data...
  1500 files loaded.
Building features (noise=baseline, snr=0, seed=606)...
  1500 feature rows (18.5s)
Evaluating RF with stratified 5-fold CV...

Results:
  Cd: R2=0.964  MAPE=33.4%  mid=37.9%  high=7.9%
  Pb: R2=0.988  MAPE=37.2%  mid=10.0%  high=2.9%

Appended to results.csv.
Loading data...
  1500 files loaded.
Building features (noise=baseline, snr=0, seed=808)...
  1500 feature rows (25.7s)
Evaluating RF with stratified 5-fold CV...

Results:
  Cd: R2=0.966  MAPE=31.7%  mid=39.5%  high=8.4%
  Pb: R2=0.987  MAPE=37.9%  mid=9.8%  high=2.7%

Appended to results.csv.
=== single ===
Loading data...
  1500 files loaded.
Building features (noise=gaussian, snr=30, seed=42)...
  1500 feature rows (27.2s)
Evaluating RF with stratified 5-fold CV...

Results:
  Cd: R2=0.966  MAPE=42.3%  mid=12.6%  high=11.2%
  Pb: R2=0.988  MAPE=19.4%  mid=10.0%  high=2.8%

Appended to results.csv.
Loading data...
  1500 files loaded.
Building features (noise=gaussian, snr=30, seed=7)...
  1500 feature rows (22.4s)
Evaluating RF with stratified 5-fold CV...

Results:
  Cd: R2=0.965  MAPE=38.4%  mid=13.3%  high=11.4%
  Pb: R2=0.984  MAPE=20.4%  mid=9.7%  high=2.9%

Appended to results.csv.
Loading data...
  1500 files loaded.
Building features (noise=gaussian, snr=30, seed=123)...
  1500 feature rows (20.5s)
Evaluating RF with stratified 5-fold CV...

Results:
  Cd: R2=0.966  MAPE=34.4%  mid=13.0%  high=10.8%
  Pb: R2=0.987  MAPE=16.7%  mid=8.6%  high=3.4%

Appended to results.csv.
Loading data...
  1500 files loaded.
Building features (noise=gaussian, snr=30, seed=2024)...
  1500 feature rows (34.7s)
Evaluating RF with stratified 5-fold CV...

Results:
  Cd: R2=0.964  MAPE=40.6%  mid=19.4%  high=9.2%
  Pb: R2=0.985  MAPE=19.8%  mid=10.6%  high=3.3%

Appended to results.csv.
Loading data...
  1500 files loaded.
Building features (noise=gaussian, snr=30, seed=88)...
  1500 feature rows (20.5s)
Evaluating RF with stratified 5-fold CV...

Results:
  Cd: R2=0.970  MAPE=36.3%  mid=17.1%  high=10.9%
  Pb: R2=0.988  MAPE=20.3%  mid=11.3%  high=2.9%

Appended to results.csv.
Loading data...
  1500 files loaded.
Building features (noise=gaussian, snr=30, seed=314)...
  1500 feature rows (43.1s)
Evaluating RF with stratified 5-fold CV...

Results:
  Cd: R2=0.969  MAPE=43.5%  mid=20.1%  high=10.1%
  Pb: R2=0.987  MAPE=21.9%  mid=10.1%  high=2.9%

Appended to results.csv.
Loading data...
  1500 files loaded.
Building features (noise=gaussian, snr=30, seed=1)...
  1500 feature rows (41.4s)
Evaluating RF with stratified 5-fold CV...

Results:
  Cd: R2=0.966  MAPE=41.3%  mid=13.8%  high=12.1%
  Pb: R2=0.987  MAPE=24.5%  mid=9.6%  high=3.3%

Appended to results.csv.
Loading data...
  1500 files loaded.
Building features (noise=gaussian, snr=30, seed=999)...
  1500 feature rows (43.0s)
Evaluating RF with stratified 5-fold CV...

Results:
  Cd: R2=0.973  MAPE=37.5%  mid=13.9%  high=10.4%
  Pb: R2=0.986  MAPE=24.6%  mid=11.4%  high=3.0%

Appended to results.csv.
Loading data...
  1500 files loaded.
Building features (noise=gaussian, snr=30, seed=55)...
  1500 feature rows (35.8s)
Evaluating RF with stratified 5-fold CV...

Results:
  Cd: R2=0.965  MAPE=38.6%  mid=20.6%  high=9.6%
  Pb: R2=0.986  MAPE=18.8%  mid=8.5%  high=3.2%

Appended to results.csv.
Loading data...
  1500 files loaded.
Building features (noise=gaussian, snr=30, seed=7777)...
  1500 feature rows (20.9s)
Evaluating RF with stratified 5-fold CV...

Results:
  Cd: R2=0.970  MAPE=43.8%  mid=21.8%  high=10.5%
  Pb: R2=0.986  MAPE=19.1%  mid=10.1%  high=3.0%

Appended to results.csv.
Loading data...
  1500 files loaded.
Building features (noise=gaussian, snr=30, seed=13)...
  1500 feature rows (21.0s)
Evaluating RF with stratified 5-fold CV...

Results:
  Cd: R2=0.966  MAPE=40.9%  mid=18.6%  high=12.1%
  Pb: R2=0.986  MAPE=21.1%  mid=10.0%  high=3.0%

Appended to results.csv.
Loading data...
  1500 files loaded.
Building features (noise=gaussian, snr=30, seed=21)...
  1500 feature rows (21.7s)
Evaluating RF with stratified 5-fold CV...

Results:
  Cd: R2=0.975  MAPE=40.6%  mid=20.7%  high=9.2%
  Pb: R2=0.988  MAPE=20.7%  mid=9.4%  high=2.9%

Appended to results.csv.
Loading data...
  1500 files loaded.
Building features (noise=gaussian, snr=30, seed=34)...
  1500 feature rows (35.3s)
Evaluating RF with stratified 5-fold CV...

Results:
  Cd: R2=0.969  MAPE=38.7%  mid=12.5%  high=10.4%
  Pb: R2=0.986  MAPE=19.2%  mid=9.9%  high=3.3%

Appended to results.csv.
Loading data...
  1500 files loaded.
Building features (noise=gaussian, snr=30, seed=101)...
  1500 feature rows (35.3s)
Evaluating RF with stratified 5-fold CV...

Results:
  Cd: R2=0.952  MAPE=39.0%  mid=18.3%  high=12.4%
  Pb: R2=0.986  MAPE=18.4%  mid=9.2%  high=3.0%

Appended to results.csv.
Loading data...
  1500 files loaded.
Building features (noise=gaussian, snr=30, seed=202)...
  1500 feature rows (39.6s)
Evaluating RF with stratified 5-fold CV...

Results:
  Cd: R2=0.965  MAPE=40.9%  mid=19.7%  high=9.8%
  Pb: R2=0.987  MAPE=24.3%  mid=9.4%  high=2.9%

Appended to results.csv.
Loading data...
  1500 files loaded.
Building features (noise=gaussian, snr=30, seed=303)...
  1500 feature rows (38.8s)
Evaluating RF with stratified 5-fold CV...

Results:
  Cd: R2=0.976  MAPE=34.7%  mid=13.8%  high=9.2%
  Pb: R2=0.984  MAPE=22.7%  mid=10.9%  high=3.4%

Appended to results.csv.
Loading data...
  1500 files loaded.
Building features (noise=gaussian, snr=30, seed=404)...
  1500 feature rows (42.9s)
Evaluating RF with stratified 5-fold CV...

Results:
  Cd: R2=0.964  MAPE=39.5%  mid=27.5%  high=11.8%
  Pb: R2=0.987  MAPE=18.4%  mid=9.8%  high=3.3%

Appended to results.csv.
Loading data...
  1500 files loaded.
Building features (noise=gaussian, snr=30, seed=505)...
  1500 feature rows (47.5s)
Evaluating RF with stratified 5-fold CV...

Results:
  Cd: R2=0.976  MAPE=41.3%  mid=20.3%  high=8.9%
  Pb: R2=0.988  MAPE=23.0%  mid=8.9%  high=2.9%

Appended to results.csv.
Loading data...
  1500 files loaded.
Building features (noise=gaussian, snr=30, seed=606)...
  1500 feature rows (44.1s)
Evaluating RF with stratified 5-fold CV...

Results:
  Cd: R2=0.949  MAPE=44.4%  mid=18.6%  high=14.6%
  Pb: R2=0.988  MAPE=21.1%  mid=9.5%  high=3.0%

Appended to results.csv.
Loading data...
  1500 files loaded.
Building features (noise=gaussian, snr=30, seed=808)...
  1500 feature rows (57.9s)
Evaluating RF with stratified 5-fold CV...

Results:
  Cd: R2=0.969  MAPE=38.1%  mid=22.7%  high=11.8%
  Pb: R2=0.987  MAPE=22.6%  mid=8.7%  high=2.8%

Appended to results.csv.
Loading data...
  1500 files loaded.
Building features (noise=student_t, snr=30, seed=42)...
  1500 feature rows (35.0s)
Evaluating RF with stratified 5-fold CV...

Results:
  Cd: R2=0.975  MAPE=38.5%  mid=17.5%  high=9.4%
  Pb: R2=0.988  MAPE=23.9%  mid=8.9%  high=2.8%

Appended to results.csv.
Loading data...
  1500 files loaded.
Building features (noise=student_t, snr=30, seed=7)...
  1500 feature rows (37.8s)
Evaluating RF with stratified 5-fold CV...

Results:
  Cd: R2=0.971  MAPE=38.8%  mid=15.9%  high=11.1%
  Pb: R2=0.983  MAPE=22.1%  mid=11.5%  high=3.1%

Appended to results.csv.
Loading data...
  1500 files loaded.
Building features (noise=student_t, snr=30, seed=123)...
  1500 feature rows (41.2s)
Evaluating RF with stratified 5-fold CV...

Results:
  Cd: R2=0.968  MAPE=37.9%  mid=15.7%  high=10.8%
  Pb: R2=0.987  MAPE=17.3%  mid=9.0%  high=3.3%

Appended to results.csv.
Loading data...
  1500 files loaded.
Building features (noise=student_t, snr=30, seed=2024)...
  1500 feature rows (38.0s)
Evaluating RF with stratified 5-fold CV...

Results:
  Cd: R2=0.968  MAPE=40.2%  mid=15.3%  high=11.2%
  Pb: R2=0.985  MAPE=22.7%  mid=9.5%  high=3.5%

Appended to results.csv.
Loading data...
  1500 files loaded.
Building features (noise=student_t, snr=30, seed=88)...
  1500 feature rows (33.6s)
Evaluating RF with stratified 5-fold CV...

Results:
  Cd: R2=0.965  MAPE=44.0%  mid=19.8%  high=12.0%
  Pb: R2=0.986  MAPE=27.6%  mid=11.3%  high=3.2%

Appended to results.csv.
Loading data...
  1500 files loaded.
Building features (noise=student_t, snr=30, seed=314)...
  1500 feature rows (47.2s)
Evaluating RF with stratified 5-fold CV...

Results:
  Cd: R2=0.976  MAPE=39.9%  mid=16.0%  high=9.9%
  Pb: R2=0.987  MAPE=23.5%  mid=10.5%  high=3.0%

Appended to results.csv.
Loading data...
  1500 files loaded.
Building features (noise=student_t, snr=30, seed=1)...
  1500 feature rows (48.5s)
Evaluating RF with stratified 5-fold CV...

Results:
  Cd: R2=0.965  MAPE=58.2%  mid=17.3%  high=12.0%
  Pb: R2=0.986  MAPE=20.8%  mid=11.8%  high=3.4%

Appended to results.csv.
Loading data...
  1500 files loaded.
Building features (noise=student_t, snr=30, seed=999)...
  1500 feature rows (42.6s)
Evaluating RF with stratified 5-fold CV...

Results:
  Cd: R2=0.975  MAPE=33.7%  mid=13.9%  high=8.5%
  Pb: R2=0.986  MAPE=24.1%  mid=10.7%  high=3.1%

Appended to results.csv.
Loading data...
  1500 files loaded.
Building features (noise=student_t, snr=30, seed=55)...
  1500 feature rows (26.1s)
Evaluating RF with stratified 5-fold CV...

Results:
  Cd: R2=0.968  MAPE=36.7%  mid=12.4%  high=9.3%
  Pb: R2=0.985  MAPE=20.2%  mid=10.2%  high=3.4%

Appended to results.csv.
Loading data...
  1500 files loaded.
Building features (noise=student_t, snr=30, seed=7777)...
  1500 feature rows (22.7s)
Evaluating RF with stratified 5-fold CV...

Results:
  Cd: R2=0.975  MAPE=36.3%  mid=14.4%  high=9.2%
  Pb: R2=0.985  MAPE=20.6%  mid=10.4%  high=3.1%

Appended to results.csv.
Loading data...
  1500 files loaded.
Building features (noise=student_t, snr=30, seed=13)...
  1500 feature rows (23.9s)
Evaluating RF with stratified 5-fold CV...

Results:
  Cd: R2=0.967  MAPE=39.1%  mid=11.7%  high=11.4%
  Pb: R2=0.987  MAPE=26.0%  mid=10.6%  high=3.0%

Appended to results.csv.
Loading data...
  1500 files loaded.
Building features (noise=student_t, snr=30, seed=21)...
  1500 feature rows (24.1s)
Evaluating RF with stratified 5-fold CV...

Results:
  Cd: R2=0.968  MAPE=54.7%  mid=16.0%  high=11.4%
  Pb: R2=0.986  MAPE=18.5%  mid=9.1%  high=3.3%

Appended to results.csv.
Loading data...
  1500 files loaded.
Building features (noise=student_t, snr=30, seed=34)...
  1500 feature rows (23.5s)
Evaluating RF with stratified 5-fold CV...

Results:
  Cd: R2=0.973  MAPE=37.7%  mid=13.4%  high=9.7%
  Pb: R2=0.987  MAPE=20.5%  mid=10.3%  high=3.2%

Appended to results.csv.
Loading data...
  1500 files loaded.
Building features (noise=student_t, snr=30, seed=101)...
  1500 feature rows (25.2s)
Evaluating RF with stratified 5-fold CV...

Results:
  Cd: R2=0.967  MAPE=35.6%  mid=16.1%  high=8.8%
  Pb: R2=0.986  MAPE=23.0%  mid=10.3%  high=2.9%

Appended to results.csv.
Loading data...
  1500 files loaded.
Building features (noise=student_t, snr=30, seed=202)...
  1500 feature rows (22.9s)
Evaluating RF with stratified 5-fold CV...

Results:
  Cd: R2=0.961  MAPE=41.4%  mid=13.5%  high=10.8%
  Pb: R2=0.988  MAPE=26.8%  mid=9.6%  high=2.8%

Appended to results.csv.
Loading data...
  1500 files loaded.
Building features (noise=student_t, snr=30, seed=303)...
  1500 feature rows (22.4s)
Evaluating RF with stratified 5-fold CV...

Results:
  Cd: R2=0.977  MAPE=33.4%  mid=13.0%  high=8.2%
  Pb: R2=0.984  MAPE=22.3%  mid=11.8%  high=3.5%

Appended to results.csv.
Loading data...
  1500 files loaded.
Building features (noise=student_t, snr=30, seed=404)...
  1500 feature rows (23.4s)
Evaluating RF with stratified 5-fold CV...

Results:
  Cd: R2=0.975  MAPE=36.7%  mid=17.8%  high=8.9%
  Pb: R2=0.987  MAPE=21.5%  mid=10.2%  high=3.2%

Appended to results.csv.
Loading data...
  1500 files loaded.
Building features (noise=student_t, snr=30, seed=505)...
  1500 feature rows (22.2s)
Evaluating RF with stratified 5-fold CV...

Results:
  Cd: R2=0.966  MAPE=42.5%  mid=14.7%  high=12.3%
  Pb: R2=0.987  MAPE=15.9%  mid=8.6%  high=3.0%

Appended to results.csv.
Loading data...
  1500 files loaded.
Building features (noise=student_t, snr=30, seed=606)...
  1500 feature rows (22.3s)
Evaluating RF with stratified 5-fold CV...

Results:
  Cd: R2=0.971  MAPE=45.6%  mid=17.7%  high=8.7%
  Pb: R2=0.989  MAPE=17.7%  mid=9.8%  high=3.1%

Appended to results.csv.
Loading data...
  1500 files loaded.
Building features (noise=student_t, snr=30, seed=808)...
  1500 feature rows (21.9s)
Evaluating RF with stratified 5-fold CV...

Results:
  Cd: R2=0.976  MAPE=36.4%  mid=15.8%  high=8.5%
  Pb: R2=0.986  MAPE=18.0%  mid=9.7%  high=2.8%

Appended to results.csv.
Loading data...
  1500 files loaded.
Building features (noise=pink, snr=30, seed=42)...
  1500 feature rows (21.4s)
Evaluating RF with stratified 5-fold CV...

Results:
  Cd: R2=0.964  MAPE=35.3%  mid=17.2%  high=11.5%
  Pb: R2=0.984  MAPE=19.5%  mid=11.1%  high=2.9%

Appended to results.csv.
Loading data...
  1500 files loaded.
Building features (noise=pink, snr=30, seed=7)...
  1500 feature rows (21.1s)
Evaluating RF with stratified 5-fold CV...

Results:
  Cd: R2=0.961  MAPE=35.9%  mid=14.1%  high=11.8%
  Pb: R2=0.985  MAPE=20.0%  mid=11.7%  high=2.6%

Appended to results.csv.
Loading data...
  1500 files loaded.
Building features (noise=pink, snr=30, seed=123)...
  1500 feature rows (21.4s)
Evaluating RF with stratified 5-fold CV...

Results:
  Cd: R2=0.958  MAPE=36.8%  mid=16.2%  high=13.4%
  Pb: R2=0.986  MAPE=18.7%  mid=10.4%  high=3.1%

Appended to results.csv.
Loading data...
  1500 files loaded.
Building features (noise=pink, snr=30, seed=2024)...
  1500 feature rows (22.3s)
Evaluating RF with stratified 5-fold CV...

Results:
  Cd: R2=0.955  MAPE=34.5%  mid=11.7%  high=14.0%
  Pb: R2=0.988  MAPE=18.0%  mid=9.3%  high=3.1%

Appended to results.csv.
Loading data...
  1500 files loaded.
Building features (noise=pink, snr=30, seed=88)...
  1500 feature rows (21.4s)
Evaluating RF with stratified 5-fold CV...

Results:
  Cd: R2=0.952  MAPE=36.4%  mid=17.2%  high=12.6%
  Pb: R2=0.987  MAPE=15.3%  mid=9.1%  high=2.9%

Appended to results.csv.
Loading data...
  1500 files loaded.
Building features (noise=pink, snr=30, seed=314)...
  1500 feature rows (21.4s)
Evaluating RF with stratified 5-fold CV...

Results:
  Cd: R2=0.956  MAPE=50.8%  mid=11.8%  high=14.7%
  Pb: R2=0.987  MAPE=19.6%  mid=10.7%  high=2.5%

Appended to results.csv.
Loading data...
  1500 files loaded.
Building features (noise=pink, snr=30, seed=1)...
  1500 feature rows (21.4s)
Evaluating RF with stratified 5-fold CV...

Results:
  Cd: R2=0.950  MAPE=49.4%  mid=17.6%  high=14.5%
  Pb: R2=0.986  MAPE=19.6%  mid=11.0%  high=2.8%

Appended to results.csv.
Loading data...
  1500 files loaded.
Building features (noise=pink, snr=30, seed=999)...
  1500 feature rows (22.0s)
Evaluating RF with stratified 5-fold CV...

Results:
  Cd: R2=0.961  MAPE=36.4%  mid=13.2%  high=9.9%
  Pb: R2=0.985  MAPE=17.4%  mid=10.7%  high=3.1%

Appended to results.csv.
Loading data...
  1500 files loaded.
Building features (noise=pink, snr=30, seed=55)...
  1500 feature rows (22.0s)
Evaluating RF with stratified 5-fold CV...

Results:
  Cd: R2=0.954  MAPE=31.0%  mid=10.7%  high=14.6%
  Pb: R2=0.985  MAPE=21.7%  mid=10.4%  high=3.2%

Appended to results.csv.
Loading data...
  1500 files loaded.
Building features (noise=pink, snr=30, seed=7777)...
  1500 feature rows (21.3s)
Evaluating RF with stratified 5-fold CV...

Results:
  Cd: R2=0.955  MAPE=34.4%  mid=15.9%  high=10.7%
  Pb: R2=0.986  MAPE=17.7%  mid=11.4%  high=2.9%

Appended to results.csv.
Loading data...
  1500 files loaded.
Building features (noise=pink, snr=30, seed=13)...
  1500 feature rows (21.3s)
Evaluating RF with stratified 5-fold CV...

Results:
  Cd: R2=0.958  MAPE=36.8%  mid=18.6%  high=12.0%
  Pb: R2=0.987  MAPE=17.9%  mid=10.7%  high=2.6%

Appended to results.csv.
Loading data...
  1500 files loaded.
Building features (noise=pink, snr=30, seed=21)...
  1500 feature rows (28.9s)
Evaluating RF with stratified 5-fold CV...

Results:
  Cd: R2=0.967  MAPE=38.4%  mid=11.5%  high=12.8%
  Pb: R2=0.987  MAPE=22.8%  mid=12.3%  high=2.6%

Appended to results.csv.
Loading data...
  1500 files loaded.
Building features (noise=pink, snr=30, seed=34)...
  1500 feature rows (38.5s)
Evaluating RF with stratified 5-fold CV...

Results:
  Cd: R2=0.963  MAPE=34.9%  mid=10.2%  high=13.9%
  Pb: R2=0.985  MAPE=17.6%  mid=11.3%  high=3.3%

Appended to results.csv.
Loading data...
  1500 files loaded.
Building features (noise=pink, snr=30, seed=101)...
  1500 feature rows (40.6s)
Evaluating RF with stratified 5-fold CV...

Results:
  Cd: R2=0.951  MAPE=37.1%  mid=13.4%  high=12.8%
  Pb: R2=0.987  MAPE=17.5%  mid=8.8%  high=2.3%

Appended to results.csv.
Loading data...
  1500 files loaded.
Building features (noise=pink, snr=30, seed=202)...
  1500 feature rows (37.4s)
Evaluating RF with stratified 5-fold CV...

Results:
  Cd: R2=0.966  MAPE=33.9%  mid=13.0%  high=10.2%
  Pb: R2=0.987  MAPE=18.0%  mid=10.4%  high=2.6%

Appended to results.csv.
Loading data...
  1500 files loaded.
Building features (noise=pink, snr=30, seed=303)...
  1500 feature rows (35.8s)
Evaluating RF with stratified 5-fold CV...

Results:
  Cd: R2=0.962  MAPE=35.1%  mid=14.8%  high=11.4%
  Pb: R2=0.987  MAPE=18.2%  mid=11.1%  high=2.4%

Appended to results.csv.
Loading data...
  1500 files loaded.
Building features (noise=pink, snr=30, seed=404)...
  1500 feature rows (35.4s)
Evaluating RF with stratified 5-fold CV...

Results:
  Cd: R2=0.956  MAPE=35.0%  mid=16.0%  high=12.1%
  Pb: R2=0.987  MAPE=18.0%  mid=9.7%  high=2.5%

Appended to results.csv.
Loading data...
  1500 files loaded.
Building features (noise=pink, snr=30, seed=505)...
  1500 feature rows (36.7s)
Evaluating RF with stratified 5-fold CV...

Results:
  Cd: R2=0.964  MAPE=37.1%  mid=14.3%  high=9.4%
  Pb: R2=0.987  MAPE=15.9%  mid=8.9%  high=2.6%

Appended to results.csv.
Loading data...
  1500 files loaded.
Building features (noise=pink, snr=30, seed=606)...
  1500 feature rows (52.7s)
Evaluating RF with stratified 5-fold CV...

Results:
  Cd: R2=0.961  MAPE=36.4%  mid=20.3%  high=13.3%
  Pb: R2=0.981  MAPE=18.1%  mid=10.6%  high=3.2%

Appended to results.csv.
Loading data...
  1500 files loaded.
Building features (noise=pink, snr=30, seed=808)...
  1500 feature rows (41.4s)
Evaluating RF with stratified 5-fold CV...

Results:
  Cd: R2=0.970  MAPE=39.8%  mid=15.1%  high=11.1%
  Pb: R2=0.987  MAPE=16.2%  mid=9.4%  high=2.3%

Appended to results.csv.
Loading data...
  1500 files loaded.
Building features (noise=hetero, snr=30, seed=42)...
  1500 feature rows (51.7s)
Evaluating RF with stratified 5-fold CV...

Results:
  Cd: R2=0.975  MAPE=37.4%  mid=13.9%  high=8.8%
  Pb: R2=0.987  MAPE=19.5%  mid=9.5%  high=2.9%

Appended to results.csv.
Loading data...
  1500 files loaded.
Building features (noise=hetero, snr=30, seed=7)...
  1500 feature rows (49.1s)
Evaluating RF with stratified 5-fold CV...

Results:
  Cd: R2=0.976  MAPE=37.8%  mid=15.4%  high=8.8%
  Pb: R2=0.984  MAPE=20.0%  mid=10.2%  high=2.8%

Appended to results.csv.
Loading data...
  1500 files loaded.
Building features (noise=hetero, snr=30, seed=123)...
  1500 feature rows (45.5s)
Evaluating RF with stratified 5-fold CV...

Results:
  Cd: R2=0.960  MAPE=36.0%  mid=13.8%  high=13.9%
  Pb: R2=0.987  MAPE=14.6%  mid=7.5%  high=3.2%

Appended to results.csv.
Loading data...
  1500 files loaded.
Building features (noise=hetero, snr=30, seed=2024)...
  1500 feature rows (53.0s)
Evaluating RF with stratified 5-fold CV...

Results:
  Cd: R2=0.963  MAPE=42.5%  mid=13.9%  high=11.9%
  Pb: R2=0.986  MAPE=18.7%  mid=10.0%  high=3.7%

Appended to results.csv.
Loading data...
  1500 files loaded.
Building features (noise=hetero, snr=30, seed=88)...
  1500 feature rows (48.3s)
Evaluating RF with stratified 5-fold CV...

Results:
  Cd: R2=0.969  MAPE=40.9%  mid=24.9%  high=11.1%
  Pb: R2=0.988  MAPE=21.4%  mid=11.1%  high=3.0%

Appended to results.csv.
Loading data...
  1500 files loaded.
Building features (noise=hetero, snr=30, seed=314)...
  1500 feature rows (45.2s)
Evaluating RF with stratified 5-fold CV...

Results:
  Cd: R2=0.972  MAPE=41.5%  mid=17.5%  high=9.9%
  Pb: R2=0.987  MAPE=24.2%  mid=9.0%  high=2.8%

Appended to results.csv.
Loading data...
  1500 files loaded.
Building features (noise=hetero, snr=30, seed=1)...
  1500 feature rows (42.7s)
Evaluating RF with stratified 5-fold CV...

Results:
  Cd: R2=0.974  MAPE=42.7%  mid=16.6%  high=9.2%
  Pb: R2=0.987  MAPE=21.3%  mid=9.6%  high=2.9%

Appended to results.csv.
Loading data...
  1500 files loaded.
Building features (noise=hetero, snr=30, seed=999)...
  1500 feature rows (48.5s)
Evaluating RF with stratified 5-fold CV...

Results:
  Cd: R2=0.974  MAPE=38.9%  mid=17.3%  high=8.9%
  Pb: R2=0.986  MAPE=23.6%  mid=11.0%  high=3.1%

Appended to results.csv.
Loading data...
  1500 files loaded.
Building features (noise=hetero, snr=30, seed=55)...
  1500 feature rows (40.8s)
Evaluating RF with stratified 5-fold CV...

Results:
  Cd: R2=0.965  MAPE=35.9%  mid=20.2%  high=9.7%
  Pb: R2=0.986  MAPE=20.1%  mid=9.5%  high=3.2%

Appended to results.csv.
Loading data...
  1500 files loaded.
Building features (noise=hetero, snr=30, seed=7777)...
  1500 feature rows (43.2s)
Evaluating RF with stratified 5-fold CV...

Results:
  Cd: R2=0.965  MAPE=45.9%  mid=24.0%  high=12.0%
  Pb: R2=0.986  MAPE=17.9%  mid=8.5%  high=3.1%

Appended to results.csv.
Loading data...
  1500 files loaded.
Building features (noise=hetero, snr=30, seed=13)...
  1500 feature rows (43.5s)
Evaluating RF with stratified 5-fold CV...

Results:
  Cd: R2=0.978  MAPE=40.1%  mid=14.9%  high=8.6%
  Pb: R2=0.987  MAPE=18.7%  mid=9.2%  high=2.8%

Appended to results.csv.
Loading data...
  1500 files loaded.
Building features (noise=hetero, snr=30, seed=21)...
  1500 feature rows (42.9s)
Evaluating RF with stratified 5-fold CV...

Results:
  Cd: R2=0.970  MAPE=42.3%  mid=27.8%  high=11.0%
  Pb: R2=0.988  MAPE=19.8%  mid=9.1%  high=2.8%

Appended to results.csv.
Loading data...
  1500 files loaded.
Building features (noise=hetero, snr=30, seed=34)...
  1500 feature rows (40.1s)
Evaluating RF with stratified 5-fold CV...

Results:
  Cd: R2=0.969  MAPE=43.6%  mid=13.5%  high=10.7%
  Pb: R2=0.985  MAPE=19.6%  mid=9.5%  high=3.4%

Appended to results.csv.
Loading data...
  1500 files loaded.
Building features (noise=hetero, snr=30, seed=101)...
  1500 feature rows (42.8s)
Evaluating RF with stratified 5-fold CV...

Results:
  Cd: R2=0.971  MAPE=40.2%  mid=15.6%  high=9.6%
  Pb: R2=0.986  MAPE=18.3%  mid=8.4%  high=3.1%

Appended to results.csv.
Loading data...
  1500 files loaded.
Building features (noise=hetero, snr=30, seed=202)...
  1500 feature rows (45.5s)
Evaluating RF with stratified 5-fold CV...

Results:
  Cd: R2=0.961  MAPE=39.3%  mid=21.3%  high=11.8%
  Pb: R2=0.984  MAPE=22.2%  mid=10.0%  high=3.3%

Appended to results.csv.
Loading data...
  1500 files loaded.
Building features (noise=hetero, snr=30, seed=303)...
  1500 feature rows (45.2s)
Evaluating RF with stratified 5-fold CV...

Results:
  Cd: R2=0.968  MAPE=37.8%  mid=13.8%  high=11.4%
  Pb: R2=0.985  MAPE=22.7%  mid=11.4%  high=3.3%

Appended to results.csv.
Loading data...
  1500 files loaded.
Building features (noise=hetero, snr=30, seed=404)...
  1500 feature rows (44.8s)
Evaluating RF with stratified 5-fold CV...

Results:
  Cd: R2=0.975  MAPE=37.0%  mid=14.2%  high=8.7%
  Pb: R2=0.987  MAPE=19.1%  mid=10.5%  high=3.2%

Appended to results.csv.
Loading data...
  1500 files loaded.
Building features (noise=hetero, snr=30, seed=505)...
  1500 feature rows (43.2s)
Evaluating RF with stratified 5-fold CV...

Results:
  Cd: R2=0.972  MAPE=50.5%  mid=22.0%  high=9.5%
  Pb: R2=0.987  MAPE=23.2%  mid=9.5%  high=2.9%

Appended to results.csv.
Loading data...
  1500 files loaded.
Building features (noise=hetero, snr=30, seed=606)...
  1500 feature rows (43.5s)
Evaluating RF with stratified 5-fold CV...

Results:
  Cd: R2=0.972  MAPE=32.3%  mid=14.0%  high=9.2%
  Pb: R2=0.988  MAPE=20.4%  mid=9.8%  high=3.1%

Appended to results.csv.
Loading data...
  1500 files loaded.
Building features (noise=hetero, snr=30, seed=808)...
  1500 feature rows (43.7s)
Evaluating RF with stratified 5-fold CV...

Results:
  Cd: R2=0.971  MAPE=45.8%  mid=25.4%  high=9.6%
  Pb: R2=0.987  MAPE=20.4%  mid=8.8%  high=2.9%

Appended to results.csv.
=== combined ===
Loading data...
  1500 files loaded.
Building features (noise=gaussian_pink, snr=30, seed=42)...
  1500 feature rows (43.0s)
Evaluating RF with stratified 5-fold CV...

Results:
  Cd: R2=0.955  MAPE=39.6%  mid=16.2%  high=12.8%
  Pb: R2=0.985  MAPE=23.1%  mid=11.4%  high=2.8%

Appended to results.csv.
Loading data...
  1500 files loaded.
Building features (noise=gaussian_pink, snr=30, seed=7)...
  1500 feature rows (43.6s)
Evaluating RF with stratified 5-fold CV...

Results:
  Cd: R2=0.962  MAPE=36.9%  mid=12.8%  high=12.4%
  Pb: R2=0.985  MAPE=20.9%  mid=10.7%  high=2.8%

Appended to results.csv.
Loading data...
  1500 files loaded.
Building features (noise=gaussian_pink, snr=30, seed=123)...
  1500 feature rows (43.3s)
Evaluating RF with stratified 5-fold CV...

Results:
  Cd: R2=0.958  MAPE=42.0%  mid=13.8%  high=13.8%
  Pb: R2=0.986  MAPE=23.4%  mid=10.5%  high=3.3%

Appended to results.csv.
Loading data...
  1500 files loaded.
Building features (noise=gaussian_pink, snr=30, seed=2024)...
  1500 feature rows (42.1s)
Evaluating RF with stratified 5-fold CV...

Results:
  Cd: R2=0.965  MAPE=46.3%  mid=20.3%  high=10.5%
  Pb: R2=0.986  MAPE=22.5%  mid=9.7%  high=3.2%

Appended to results.csv.
Loading data...
  1500 files loaded.
Building features (noise=gaussian_pink, snr=30, seed=88)...
  1500 feature rows (42.3s)
Evaluating RF with stratified 5-fold CV...

Results:
  Cd: R2=0.970  MAPE=37.4%  mid=13.5%  high=10.3%
  Pb: R2=0.988  MAPE=20.3%  mid=10.8%  high=2.7%

Appended to results.csv.
Loading data...
  1500 files loaded.
Building features (noise=gaussian_pink, snr=30, seed=314)...
  1500 feature rows (43.2s)
Evaluating RF with stratified 5-fold CV...

Results:
  Cd: R2=0.967  MAPE=41.5%  mid=14.6%  high=13.0%
  Pb: R2=0.986  MAPE=24.1%  mid=10.7%  high=2.9%

Appended to results.csv.
Loading data...
  1500 files loaded.
Building features (noise=gaussian_pink, snr=30, seed=1)...
  1500 feature rows (42.4s)
Evaluating RF with stratified 5-fold CV...

Results:
  Cd: R2=0.970  MAPE=46.7%  mid=12.7%  high=13.7%
  Pb: R2=0.984  MAPE=19.5%  mid=11.2%  high=3.0%

Appended to results.csv.
Loading data...
  1500 files loaded.
Building features (noise=gaussian_pink, snr=30, seed=999)...
  1500 feature rows (39.7s)
Evaluating RF with stratified 5-fold CV...

Results:
  Cd: R2=0.950  MAPE=42.3%  mid=20.0%  high=9.6%
  Pb: R2=0.985  MAPE=22.9%  mid=11.5%  high=2.9%

Appended to results.csv.
Loading data...
  1500 files loaded.
Building features (noise=gaussian_pink, snr=30, seed=55)...
  1500 feature rows (45.2s)
Evaluating RF with stratified 5-fold CV...

Results:
  Cd: R2=0.959  MAPE=37.9%  mid=13.1%  high=13.8%
  Pb: R2=0.986  MAPE=23.5%  mid=9.5%  high=3.1%

Appended to results.csv.
Loading data...
  1500 files loaded.
Building features (noise=gaussian_pink, snr=30, seed=7777)...
  1500 feature rows (41.4s)
Evaluating RF with stratified 5-fold CV...

Results:
  Cd: R2=0.963  MAPE=43.7%  mid=21.4%  high=13.6%
  Pb: R2=0.984  MAPE=19.7%  mid=9.4%  high=2.9%

Appended to results.csv.
Loading data...
  1500 files loaded.
Building features (noise=gaussian_pink, snr=30, seed=13)...
  1500 feature rows (41.3s)
Evaluating RF with stratified 5-fold CV...

Results:
  Cd: R2=0.961  MAPE=41.6%  mid=12.2%  high=14.7%
  Pb: R2=0.986  MAPE=27.7%  mid=10.8%  high=2.9%

Appended to results.csv.
Loading data...
  1500 files loaded.
Building features (noise=gaussian_pink, snr=30, seed=21)...
  1500 feature rows (40.0s)
Evaluating RF with stratified 5-fold CV...

Results:
  Cd: R2=0.964  MAPE=44.5%  mid=17.4%  high=10.9%
  Pb: R2=0.987  MAPE=23.0%  mid=11.7%  high=2.7%

Appended to results.csv.
Loading data...
  1500 files loaded.
Building features (noise=gaussian_pink, snr=30, seed=34)...
  1500 feature rows (39.6s)
Evaluating RF with stratified 5-fold CV...

Results:
  Cd: R2=0.965  MAPE=40.7%  mid=15.8%  high=11.5%
  Pb: R2=0.986  MAPE=24.5%  mid=11.2%  high=3.1%

Appended to results.csv.
Loading data...
  1500 files loaded.
Building features (noise=gaussian_pink, snr=30, seed=101)...
  1500 feature rows (41.6s)
Evaluating RF with stratified 5-fold CV...

Results:
  Cd: R2=0.970  MAPE=35.5%  mid=10.9%  high=11.4%
  Pb: R2=0.986  MAPE=23.2%  mid=12.3%  high=2.8%

Appended to results.csv.
Loading data...
  1500 files loaded.
Building features (noise=gaussian_pink, snr=30, seed=202)...
  1500 feature rows (39.1s)
Evaluating RF with stratified 5-fold CV...

Results:
  Cd: R2=0.962  MAPE=38.0%  mid=14.9%  high=12.9%
  Pb: R2=0.986  MAPE=22.5%  mid=10.8%  high=2.8%

Appended to results.csv.
Loading data...
  1500 files loaded.
Building features (noise=gaussian_pink, snr=30, seed=303)...
  1500 feature rows (39.0s)
Evaluating RF with stratified 5-fold CV...

Results:
  Cd: R2=0.964  MAPE=38.6%  mid=24.3%  high=10.5%
  Pb: R2=0.986  MAPE=22.6%  mid=11.3%  high=3.2%

Appended to results.csv.
Loading data...
  1500 files loaded.
Building features (noise=gaussian_pink, snr=30, seed=404)...
  1500 feature rows (42.7s)
Evaluating RF with stratified 5-fold CV...

Results:
  Cd: R2=0.957  MAPE=36.5%  mid=16.6%  high=11.9%
  Pb: R2=0.987  MAPE=21.1%  mid=10.5%  high=2.7%

Appended to results.csv.
Loading data...
  1500 files loaded.
Building features (noise=gaussian_pink, snr=30, seed=505)...
  1500 feature rows (40.5s)
Evaluating RF with stratified 5-fold CV...

Results:
  Cd: R2=0.975  MAPE=38.9%  mid=14.5%  high=10.2%
  Pb: R2=0.987  MAPE=23.9%  mid=9.4%  high=2.8%

Appended to results.csv.
Loading data...
  1500 files loaded.
Building features (noise=gaussian_pink, snr=30, seed=606)...
  1500 feature rows (54.4s)
Evaluating RF with stratified 5-fold CV...

Results:
  Cd: R2=0.959  MAPE=38.4%  mid=17.3%  high=10.4%
  Pb: R2=0.986  MAPE=21.4%  mid=11.1%  high=2.8%

Appended to results.csv.
Loading data...
  1500 files loaded.
Building features (noise=gaussian_pink, snr=30, seed=808)...
  1500 feature rows (44.0s)
Evaluating RF with stratified 5-fold CV...

Results:
  Cd: R2=0.967  MAPE=37.8%  mid=16.4%  high=8.6%
  Pb: R2=0.985  MAPE=20.5%  mid=10.1%  high=2.8%

Appended to results.csv.
Loading data...
  1500 files loaded.
Building features (noise=gaussian_student_t, snr=30, seed=42)...
  1500 feature rows (45.0s)
Evaluating RF with stratified 5-fold CV...

Results:
  Cd: R2=0.976  MAPE=37.1%  mid=19.4%  high=8.5%
  Pb: R2=0.988  MAPE=24.4%  mid=9.0%  high=2.8%

Appended to results.csv.
Loading data...
  1500 files loaded.
Building features (noise=gaussian_student_t, snr=30, seed=7)...
  1500 feature rows (43.2s)
Evaluating RF with stratified 5-fold CV...

Results:
  Cd: R2=0.973  MAPE=40.0%  mid=13.1%  high=9.2%
  Pb: R2=0.984  MAPE=21.5%  mid=10.1%  high=2.9%

Appended to results.csv.
Loading data...
  1500 files loaded.
Building features (noise=gaussian_student_t, snr=30, seed=123)...
  1500 feature rows (41.5s)
Evaluating RF with stratified 5-fold CV...

Results:
  Cd: R2=0.962  MAPE=39.1%  mid=14.0%  high=13.0%
  Pb: R2=0.987  MAPE=21.8%  mid=9.5%  high=3.5%

Appended to results.csv.
Loading data...
  1500 files loaded.
Building features (noise=gaussian_student_t, snr=30, seed=2024)...
  1500 feature rows (43.8s)
Evaluating RF with stratified 5-fold CV...

Results:
  Cd: R2=0.968  MAPE=38.5%  mid=15.4%  high=10.5%
  Pb: R2=0.987  MAPE=20.6%  mid=9.4%  high=3.2%

Appended to results.csv.
Loading data...
  1500 files loaded.
Building features (noise=gaussian_student_t, snr=30, seed=88)...
  1500 feature rows (40.2s)
Evaluating RF with stratified 5-fold CV...

Results:
  Cd: R2=0.961  MAPE=36.1%  mid=17.2%  high=10.7%
  Pb: R2=0.987  MAPE=19.1%  mid=10.4%  high=2.9%

Appended to results.csv.
Loading data...
  1500 files loaded.
Building features (noise=gaussian_student_t, snr=30, seed=314)...
  1500 feature rows (45.5s)
Evaluating RF with stratified 5-fold CV...

Results:
  Cd: R2=0.979  MAPE=39.8%  mid=12.4%  high=8.2%
  Pb: R2=0.987  MAPE=23.8%  mid=10.6%  high=2.9%

Appended to results.csv.
Loading data...
  1500 files loaded.
Building features (noise=gaussian_student_t, snr=30, seed=1)...
  1500 feature rows (45.4s)
Evaluating RF with stratified 5-fold CV...

Results:
  Cd: R2=0.974  MAPE=38.8%  mid=16.4%  high=9.3%
  Pb: R2=0.988  MAPE=23.1%  mid=8.8%  high=3.0%

Appended to results.csv.
Loading data...
  1500 files loaded.
Building features (noise=gaussian_student_t, snr=30, seed=999)...
  1500 feature rows (46.1s)
Evaluating RF with stratified 5-fold CV...

Results:
  Cd: R2=0.973  MAPE=36.8%  mid=17.4%  high=8.9%
  Pb: R2=0.986  MAPE=21.7%  mid=10.5%  high=3.6%

Appended to results.csv.
Loading data...
  1500 files loaded.
Building features (noise=gaussian_student_t, snr=30, seed=55)...
  1500 feature rows (53.8s)
Evaluating RF with stratified 5-fold CV...

Results:
  Cd: R2=0.959  MAPE=34.4%  mid=21.0%  high=11.2%
  Pb: R2=0.986  MAPE=19.1%  mid=10.0%  high=3.5%

Appended to results.csv.
Loading data...
  1500 files loaded.
Building features (noise=gaussian_student_t, snr=30, seed=7777)...
  1500 feature rows (55.5s)
Evaluating RF with stratified 5-fold CV...

Results:
  Cd: R2=0.963  MAPE=39.1%  mid=15.5%  high=12.7%
  Pb: R2=0.985  MAPE=25.7%  mid=10.5%  high=3.1%

Appended to results.csv.
Loading data...
  1500 files loaded.
Building features (noise=gaussian_student_t, snr=30, seed=13)...
  1500 feature rows (61.9s)
Evaluating RF with stratified 5-fold CV...

Results:
  Cd: R2=0.975  MAPE=44.9%  mid=20.7%  high=8.9%
  Pb: R2=0.987  MAPE=22.0%  mid=10.1%  high=2.9%

Appended to results.csv.
Loading data...
  1500 files loaded.
Building features (noise=gaussian_student_t, snr=30, seed=21)...
  1500 feature rows (53.4s)
Evaluating RF with stratified 5-fold CV...

Results:
  Cd: R2=0.968  MAPE=42.2%  mid=14.8%  high=12.5%
  Pb: R2=0.987  MAPE=26.8%  mid=10.3%  high=2.8%

Appended to results.csv.
Loading data...
  1500 files loaded.
Building features (noise=gaussian_student_t, snr=30, seed=34)...
  1500 feature rows (45.7s)
Evaluating RF with stratified 5-fold CV...

Results:
  Cd: R2=0.973  MAPE=38.9%  mid=17.2%  high=10.1%
  Pb: R2=0.987  MAPE=19.6%  mid=9.8%  high=3.1%

Appended to results.csv.
Loading data...
  1500 files loaded.
Building features (noise=gaussian_student_t, snr=30, seed=101)...
  1500 feature rows (43.4s)
Evaluating RF with stratified 5-fold CV...

Results:
  Cd: R2=0.942  MAPE=49.9%  mid=15.8%  high=16.0%
  Pb: R2=0.985  MAPE=18.7%  mid=9.5%  high=3.0%

Appended to results.csv.
Loading data...
  1500 files loaded.
Building features (noise=gaussian_student_t, snr=30, seed=202)...
  1500 feature rows (45.4s)
Evaluating RF with stratified 5-fold CV...

Results:
  Cd: R2=0.949  MAPE=40.1%  mid=19.1%  high=11.4%
  Pb: R2=0.988  MAPE=19.6%  mid=9.4%  high=2.8%

Appended to results.csv.
Loading data...
  1500 files loaded.
Building features (noise=gaussian_student_t, snr=30, seed=303)...
  1500 feature rows (43.6s)
Evaluating RF with stratified 5-fold CV...

Results:
  Cd: R2=0.964  MAPE=42.4%  mid=14.5%  high=11.5%
  Pb: R2=0.984  MAPE=21.1%  mid=8.5%  high=3.3%

Appended to results.csv.
Loading data...
  1500 files loaded.
Building features (noise=gaussian_student_t, snr=30, seed=404)...
  1500 feature rows (46.6s)
Evaluating RF with stratified 5-fold CV...

Results:
  Cd: R2=0.967  MAPE=41.1%  mid=19.5%  high=7.9%
  Pb: R2=0.987  MAPE=17.9%  mid=9.1%  high=3.1%

Appended to results.csv.
Loading data...
  1500 files loaded.
Building features (noise=gaussian_student_t, snr=30, seed=505)...
  1500 feature rows (48.7s)
Evaluating RF with stratified 5-fold CV...

Results:
  Cd: R2=0.967  MAPE=37.7%  mid=14.4%  high=11.0%
  Pb: R2=0.988  MAPE=19.1%  mid=9.1%  high=2.8%

Appended to results.csv.
Loading data...
  1500 files loaded.
Building features (noise=gaussian_student_t, snr=30, seed=606)...
  1500 feature rows (59.7s)
Evaluating RF with stratified 5-fold CV...

Results:
  Cd: R2=0.974  MAPE=41.6%  mid=11.7%  high=8.8%
  Pb: R2=0.988  MAPE=20.3%  mid=9.2%  high=3.1%

Appended to results.csv.
Loading data...
  1500 files loaded.
Building features (noise=gaussian_student_t, snr=30, seed=808)...
  1500 feature rows (47.6s)
Evaluating RF with stratified 5-fold CV...

Results:
  Cd: R2=0.973  MAPE=37.8%  mid=15.2%  high=8.8%
  Pb: R2=0.986  MAPE=26.2%  mid=10.4%  high=2.8%

Appended to results.csv.
Loading data...
  1500 files loaded.
Building features (noise=gaussian_hetero, snr=30, seed=42)...
  1500 feature rows (45.2s)
Evaluating RF with stratified 5-fold CV...

Results:
  Cd: R2=0.970  MAPE=44.9%  mid=21.5%  high=11.9%
  Pb: R2=0.988  MAPE=19.5%  mid=9.1%  high=3.0%

Appended to results.csv.
Loading data...
  1500 files loaded.
Building features (noise=gaussian_hetero, snr=30, seed=7)...
  1500 feature rows (43.8s)
Evaluating RF with stratified 5-fold CV...

Results:
  Cd: R2=0.959  MAPE=46.6%  mid=28.2%  high=14.3%
  Pb: R2=0.984  MAPE=18.0%  mid=9.8%  high=3.0%

Appended to results.csv.
Loading data...
  1500 files loaded.
Building features (noise=gaussian_hetero, snr=30, seed=123)...
  1500 feature rows (42.9s)
Evaluating RF with stratified 5-fold CV...

Results:
  Cd: R2=0.963  MAPE=43.0%  mid=16.0%  high=13.6%
  Pb: R2=0.988  MAPE=18.9%  mid=9.6%  high=3.2%

Appended to results.csv.
Loading data...
  1500 files loaded.
Building features (noise=gaussian_hetero, snr=30, seed=2024)...
  1500 feature rows (44.0s)
Evaluating RF with stratified 5-fold CV...

Results:
  Cd: R2=0.967  MAPE=37.6%  mid=14.4%  high=11.4%
  Pb: R2=0.986  MAPE=20.6%  mid=10.4%  high=3.3%

Appended to results.csv.
Loading data...
  1500 files loaded.
Building features (noise=gaussian_hetero, snr=30, seed=88)...
  1500 feature rows (43.8s)
Evaluating RF with stratified 5-fold CV...

Results:
  Cd: R2=0.967  MAPE=47.8%  mid=27.0%  high=11.5%
  Pb: R2=0.986  MAPE=20.7%  mid=9.2%  high=3.1%

Appended to results.csv.
Loading data...
  1500 files loaded.
Building features (noise=gaussian_hetero, snr=30, seed=314)...
  1500 feature rows (44.6s)
Evaluating RF with stratified 5-fold CV...

Results:
  Cd: R2=0.955  MAPE=44.8%  mid=33.1%  high=12.5%
  Pb: R2=0.986  MAPE=22.7%  mid=11.0%  high=3.3%

Appended to results.csv.
Loading data...
  1500 files loaded.
Building features (noise=gaussian_hetero, snr=30, seed=1)...
  1500 feature rows (46.0s)
Evaluating RF with stratified 5-fold CV...

Results:
  Cd: R2=0.960  MAPE=39.3%  mid=15.2%  high=12.7%
  Pb: R2=0.986  MAPE=21.9%  mid=11.8%  high=3.1%

Appended to results.csv.
Loading data...
  1500 files loaded.
Building features (noise=gaussian_hetero, snr=30, seed=999)...
  1500 feature rows (48.9s)
Evaluating RF with stratified 5-fold CV...

Results:
  Cd: R2=0.970  MAPE=38.4%  mid=13.6%  high=10.8%
  Pb: R2=0.985  MAPE=25.7%  mid=10.4%  high=3.3%

Appended to results.csv.
Loading data...
  1500 files loaded.
Building features (noise=gaussian_hetero, snr=30, seed=55)...
  1500 feature rows (43.7s)
Evaluating RF with stratified 5-fold CV...

Results:
  Cd: R2=0.957  MAPE=44.9%  mid=23.3%  high=11.7%
  Pb: R2=0.986  MAPE=17.6%  mid=9.9%  high=3.4%

Appended to results.csv.
Loading data...
  1500 files loaded.
Building features (noise=gaussian_hetero, snr=30, seed=7777)...
  1500 feature rows (44.9s)
Evaluating RF with stratified 5-fold CV...

Results:
  Cd: R2=0.955  MAPE=45.3%  mid=20.9%  high=12.9%
  Pb: R2=0.985  MAPE=22.9%  mid=10.7%  high=3.3%

Appended to results.csv.
Loading data...
  1500 files loaded.
Building features (noise=gaussian_hetero, snr=30, seed=13)...
  1500 feature rows (42.6s)
Evaluating RF with stratified 5-fold CV...

Results:
  Cd: R2=0.968  MAPE=38.7%  mid=15.4%  high=11.4%
  Pb: R2=0.987  MAPE=18.6%  mid=9.9%  high=2.8%

Appended to results.csv.
Loading data...
  1500 files loaded.
Building features (noise=gaussian_hetero, snr=30, seed=21)...
  1500 feature rows (42.3s)
Evaluating RF with stratified 5-fold CV...

Results:
  Cd: R2=0.954  MAPE=41.6%  mid=19.6%  high=12.3%
  Pb: R2=0.987  MAPE=20.8%  mid=8.9%  high=3.2%

Appended to results.csv.
Loading data...
  1500 files loaded.
Building features (noise=gaussian_hetero, snr=30, seed=34)...
  1500 feature rows (23.3s)
Evaluating RF with stratified 5-fold CV...

Results:
  Cd: R2=0.972  MAPE=40.6%  mid=14.9%  high=10.8%
  Pb: R2=0.986  MAPE=19.8%  mid=8.5%  high=3.4%

Appended to results.csv.
Loading data...
  1500 files loaded.
Building features (noise=gaussian_hetero, snr=30, seed=101)...
  1500 feature rows (22.5s)
Evaluating RF with stratified 5-fold CV...

Results:
  Cd: R2=0.973  MAPE=37.3%  mid=14.6%  high=9.3%
  Pb: R2=0.987  MAPE=24.8%  mid=9.2%  high=3.0%

Appended to results.csv.
Loading data...
  1500 files loaded.
Building features (noise=gaussian_hetero, snr=30, seed=202)...
  1500 feature rows (29.4s)
Evaluating RF with stratified 5-fold CV...

Results:
  Cd: R2=0.963  MAPE=45.9%  mid=21.3%  high=11.4%
  Pb: R2=0.986  MAPE=20.5%  mid=11.0%  high=3.1%

Appended to results.csv.
Loading data...
  1500 files loaded.
Building features (noise=gaussian_hetero, snr=30, seed=303)...
  1500 feature rows (26.8s)
Evaluating RF with stratified 5-fold CV...

Results:
  Cd: R2=0.967  MAPE=40.4%  mid=17.8%  high=10.9%
  Pb: R2=0.984  MAPE=22.5%  mid=12.4%  high=3.7%

Appended to results.csv.
Loading data...
  1500 files loaded.
Building features (noise=gaussian_hetero, snr=30, seed=404)...
  1500 feature rows (42.5s)
Evaluating RF with stratified 5-fold CV...

Results:
  Cd: R2=0.975  MAPE=35.4%  mid=15.4%  high=9.1%
  Pb: R2=0.988  MAPE=23.1%  mid=8.7%  high=3.3%

Appended to results.csv.
Loading data...
  1500 files loaded.
Building features (noise=gaussian_hetero, snr=30, seed=505)...
  1500 feature rows (45.9s)
Evaluating RF with stratified 5-fold CV...

Results:
  Cd: R2=0.967  MAPE=38.6%  mid=13.1%  high=13.5%
  Pb: R2=0.988  MAPE=23.9%  mid=11.6%  high=2.7%

Appended to results.csv.
Loading data...
  1500 files loaded.
Building features (noise=gaussian_hetero, snr=30, seed=606)...
  1500 feature rows (44.1s)
Evaluating RF with stratified 5-fold CV...

Results:
  Cd: R2=0.976  MAPE=34.5%  mid=12.9%  high=9.5%
  Pb: R2=0.988  MAPE=20.2%  mid=9.5%  high=3.2%

Appended to results.csv.
Loading data...
  1500 files loaded.
Building features (noise=gaussian_hetero, snr=30, seed=808)...
  1500 feature rows (45.5s)
Evaluating RF with stratified 5-fold CV...

Results:
  Cd: R2=0.960  MAPE=45.4%  mid=17.1%  high=11.0%
  Pb: R2=0.986  MAPE=25.5%  mid=9.3%  high=2.9%

Appended to results.csv.
Loading data...
  1500 files loaded.
Building features (noise=pink_student_t, snr=30, seed=42)...
  1500 feature rows (47.3s)
Evaluating RF with stratified 5-fold CV...

Results:
  Cd: R2=0.962  MAPE=37.1%  mid=20.2%  high=13.9%
  Pb: R2=0.986  MAPE=24.4%  mid=10.4%  high=2.6%

Appended to results.csv.
Loading data...
  1500 files loaded.
Building features (noise=pink_student_t, snr=30, seed=7)...
  1500 feature rows (47.9s)
Evaluating RF with stratified 5-fold CV...

Results:
  Cd: R2=0.964  MAPE=44.4%  mid=12.4%  high=11.7%
  Pb: R2=0.985  MAPE=21.9%  mid=10.4%  high=3.0%

Appended to results.csv.
Loading data...
  1500 files loaded.
Building features (noise=pink_student_t, snr=30, seed=123)...
  1500 feature rows (48.2s)
Evaluating RF with stratified 5-fold CV...

Results:
  Cd: R2=0.970  MAPE=38.6%  mid=13.0%  high=9.4%
  Pb: R2=0.988  MAPE=17.9%  mid=10.5%  high=2.9%

Appended to results.csv.
Loading data...
  1500 files loaded.
Building features (noise=pink_student_t, snr=30, seed=2024)...
  1500 feature rows (47.3s)
Evaluating RF with stratified 5-fold CV...

Results:
  Cd: R2=0.960  MAPE=36.2%  mid=19.0%  high=11.5%
  Pb: R2=0.985  MAPE=22.9%  mid=11.1%  high=3.2%

Appended to results.csv.
Loading data...
  1500 files loaded.
Building features (noise=pink_student_t, snr=30, seed=88)...
  1500 feature rows (51.3s)
Evaluating RF with stratified 5-fold CV...

Results:
  Cd: R2=0.953  MAPE=38.8%  mid=13.1%  high=15.0%
  Pb: R2=0.987  MAPE=18.7%  mid=10.6%  high=2.9%

Appended to results.csv.
Loading data...
  1500 files loaded.
Building features (noise=pink_student_t, snr=30, seed=314)...
  1500 feature rows (47.0s)
Evaluating RF with stratified 5-fold CV...

Results:
  Cd: R2=0.960  MAPE=50.6%  mid=20.7%  high=13.3%
  Pb: R2=0.987  MAPE=20.1%  mid=10.0%  high=2.9%

Appended to results.csv.
Loading data...
  1500 files loaded.
Building features (noise=pink_student_t, snr=30, seed=1)...
  1500 feature rows (50.6s)
Evaluating RF with stratified 5-fold CV...

Results:
  Cd: R2=0.970  MAPE=43.8%  mid=15.1%  high=10.5%
  Pb: R2=0.987  MAPE=22.9%  mid=10.9%  high=2.9%

Appended to results.csv.
Loading data...
  1500 files loaded.
Building features (noise=pink_student_t, snr=30, seed=999)...
  1500 feature rows (49.7s)
Evaluating RF with stratified 5-fold CV...

Results:
  Cd: R2=0.968  MAPE=36.6%  mid=13.7%  high=9.2%
  Pb: R2=0.987  MAPE=21.0%  mid=10.7%  high=2.9%

Appended to results.csv.
Loading data...
  1500 files loaded.
Building features (noise=pink_student_t, snr=30, seed=55)...
  1500 feature rows (46.3s)
Evaluating RF with stratified 5-fold CV...

Results:
  Cd: R2=0.954  MAPE=35.1%  mid=18.9%  high=10.9%
  Pb: R2=0.987  MAPE=19.9%  mid=11.4%  high=3.0%

Appended to results.csv.
Loading data...
  1500 files loaded.
Building features (noise=pink_student_t, snr=30, seed=7777)...
  1500 feature rows (49.4s)
Evaluating RF with stratified 5-fold CV...

Results:
  Cd: R2=0.959  MAPE=36.7%  mid=13.0%  high=13.4%
  Pb: R2=0.984  MAPE=18.3%  mid=10.5%  high=3.0%

Appended to results.csv.
Loading data...
  1500 files loaded.
Building features (noise=pink_student_t, snr=30, seed=13)...
  1500 feature rows (46.3s)
Evaluating RF with stratified 5-fold CV...

Results:
  Cd: R2=0.959  MAPE=39.8%  mid=15.7%  high=13.7%
  Pb: R2=0.985  MAPE=17.7%  mid=11.2%  high=3.0%

Appended to results.csv.
Loading data...
  1500 files loaded.
Building features (noise=pink_student_t, snr=30, seed=21)...
  1500 feature rows (50.2s)
Evaluating RF with stratified 5-fold CV...

Results:
  Cd: R2=0.968  MAPE=38.5%  mid=13.3%  high=12.0%
  Pb: R2=0.986  MAPE=20.1%  mid=9.7%  high=3.0%

Appended to results.csv.
Loading data...
  1500 files loaded.
Building features (noise=pink_student_t, snr=30, seed=34)...
  1500 feature rows (49.9s)
Evaluating RF with stratified 5-fold CV...

Results:
  Cd: R2=0.967  MAPE=36.6%  mid=12.4%  high=11.2%
  Pb: R2=0.984  MAPE=19.5%  mid=10.8%  high=3.1%

Appended to results.csv.
Loading data...
  1500 files loaded.
Building features (noise=pink_student_t, snr=30, seed=101)...
  1500 feature rows (53.5s)
Evaluating RF with stratified 5-fold CV...

Results:
  Cd: R2=0.947  MAPE=43.8%  mid=21.1%  high=11.0%
  Pb: R2=0.987  MAPE=24.0%  mid=11.2%  high=2.8%

Appended to results.csv.
Loading data...
  1500 files loaded.
Building features (noise=pink_student_t, snr=30, seed=202)...
  1500 feature rows (1464.1s)
Evaluating RF with stratified 5-fold CV...

Results:
  Cd: R2=0.955  MAPE=42.3%  mid=20.2%  high=14.6%
  Pb: R2=0.986  MAPE=22.5%  mid=11.6%  high=2.9%

Appended to results.csv.
Loading data...
  1500 files loaded.
Building features (noise=pink_student_t, snr=30, seed=303)...
  1500 feature rows (50.5s)
Evaluating RF with stratified 5-fold CV...

Results:
  Cd: R2=0.952  MAPE=37.5%  mid=19.9%  high=12.6%
  Pb: R2=0.985  MAPE=17.1%  mid=10.8%  high=2.9%

Appended to results.csv.
Loading data...
  1500 files loaded.
Building features (noise=pink_student_t, snr=30, seed=404)...
  1500 feature rows (41.3s)
Evaluating RF with stratified 5-fold CV...

Results:
  Cd: R2=0.965  MAPE=39.5%  mid=12.9%  high=11.5%
  Pb: R2=0.988  MAPE=22.8%  mid=12.9%  high=2.7%

Appended to results.csv.
Loading data...
  1500 files loaded.
Building features (noise=pink_student_t, snr=30, seed=505)...
  1500 feature rows (276.5s)
Evaluating RF with stratified 5-fold CV...

Results:
  Cd: R2=0.958  MAPE=38.3%  mid=19.1%  high=11.0%
  Pb: R2=0.987  MAPE=19.5%  mid=10.7%  high=2.7%

Appended to results.csv.
Loading data...
  1500 files loaded.
Building features (noise=pink_student_t, snr=30, seed=606)...
  1500 feature rows (48.8s)
Evaluating RF with stratified 5-fold CV...

Results:
  Cd: R2=0.972  MAPE=33.0%  mid=16.9%  high=9.4%
  Pb: R2=0.987  MAPE=20.9%  mid=10.3%  high=2.8%

Appended to results.csv.
Loading data...
  1500 files loaded.
Building features (noise=pink_student_t, snr=30, seed=808)...
  1500 feature rows (46.7s)
Evaluating RF with stratified 5-fold CV...

Results:
  Cd: R2=0.963  MAPE=34.2%  mid=21.5%  high=11.6%
  Pb: R2=0.987  MAPE=20.2%  mid=11.8%  high=2.6%

Appended to results.csv.
Loading data...
  1500 files loaded.
Building features (noise=gaussian_pink_student_t, snr=30, seed=42)...
  1500 feature rows (25.1s)
Evaluating RF with stratified 5-fold CV...

Results:
  Cd: R2=0.965  MAPE=43.1%  mid=21.5%  high=11.6%
  Pb: R2=0.988  MAPE=19.2%  mid=9.8%  high=2.7%

Appended to results.csv.
Loading data...
  1500 files loaded.
Building features (noise=gaussian_pink_student_t, snr=30, seed=7)...
  1500 feature rows (25.1s)
Evaluating RF with stratified 5-fold CV...

Results:
  Cd: R2=0.956  MAPE=38.0%  mid=14.0%  high=14.8%
  Pb: R2=0.984  MAPE=23.7%  mid=12.0%  high=3.0%

Appended to results.csv.
Loading data...
  1500 files loaded.
Building features (noise=gaussian_pink_student_t, snr=30, seed=123)...
  1500 feature rows (24.0s)
Evaluating RF with stratified 5-fold CV...

Results:
  Cd: R2=0.972  MAPE=42.7%  mid=13.0%  high=10.3%
  Pb: R2=0.987  MAPE=17.8%  mid=10.7%  high=3.0%

Appended to results.csv.
Loading data...
  1500 files loaded.
Building features (noise=gaussian_pink_student_t, snr=30, seed=2024)...
  1500 feature rows (24.2s)
Evaluating RF with stratified 5-fold CV...

Results:
  Cd: R2=0.968  MAPE=38.0%  mid=20.1%  high=10.6%
  Pb: R2=0.987  MAPE=24.0%  mid=11.0%  high=3.1%

Appended to results.csv.
Loading data...
  1500 files loaded.
Building features (noise=gaussian_pink_student_t, snr=30, seed=88)...
  1500 feature rows (25.0s)
Evaluating RF with stratified 5-fold CV...

Results:
  Cd: R2=0.965  MAPE=37.2%  mid=17.2%  high=9.7%
  Pb: R2=0.987  MAPE=21.6%  mid=10.5%  high=2.9%

Appended to results.csv.
Loading data...
  1500 files loaded.
Building features (noise=gaussian_pink_student_t, snr=30, seed=314)...
  1500 feature rows (24.5s)
Evaluating RF with stratified 5-fold CV...

Results:
  Cd: R2=0.977  MAPE=41.5%  mid=12.9%  high=9.4%
  Pb: R2=0.986  MAPE=23.9%  mid=11.9%  high=2.7%

Appended to results.csv.
Loading data...
  1500 files loaded.
Building features (noise=gaussian_pink_student_t, snr=30, seed=1)...
  1500 feature rows (23.8s)
Evaluating RF with stratified 5-fold CV...

Results:
  Cd: R2=0.950  MAPE=41.1%  mid=18.4%  high=11.1%
  Pb: R2=0.986  MAPE=19.2%  mid=10.0%  high=2.9%

Appended to results.csv.
Loading data...
  1500 files loaded.
Building features (noise=gaussian_pink_student_t, snr=30, seed=999)...
  1500 feature rows (24.0s)
Evaluating RF with stratified 5-fold CV...

Results:
  Cd: R2=0.951  MAPE=39.8%  mid=12.4%  high=13.9%
  Pb: R2=0.985  MAPE=18.3%  mid=10.7%  high=3.1%

Appended to results.csv.
Loading data...
  1500 files loaded.
Building features (noise=gaussian_pink_student_t, snr=30, seed=55)...
  1500 feature rows (27.0s)
Evaluating RF with stratified 5-fold CV...

Results:
  Cd: R2=0.960  MAPE=39.2%  mid=17.6%  high=12.7%
  Pb: R2=0.987  MAPE=26.7%  mid=10.1%  high=3.0%

Appended to results.csv.
Loading data...
  1500 files loaded.
Building features (noise=gaussian_pink_student_t, snr=30, seed=7777)...
  1500 feature rows (24.0s)
Evaluating RF with stratified 5-fold CV...

Results:
  Cd: R2=0.951  MAPE=43.6%  mid=12.5%  high=15.9%
  Pb: R2=0.984  MAPE=19.3%  mid=9.7%  high=3.2%

Appended to results.csv.
Loading data...
  1500 files loaded.
Building features (noise=gaussian_pink_student_t, snr=30, seed=13)...
  1500 feature rows (24.4s)
Evaluating RF with stratified 5-fold CV...

Results:
  Cd: R2=0.957  MAPE=40.8%  mid=15.8%  high=14.9%
  Pb: R2=0.987  MAPE=27.6%  mid=10.7%  high=2.6%

Appended to results.csv.
Loading data...
  1500 files loaded.
Building features (noise=gaussian_pink_student_t, snr=30, seed=21)...
  1500 feature rows (24.7s)
Evaluating RF with stratified 5-fold CV...

Results:
  Cd: R2=0.953  MAPE=40.8%  mid=19.1%  high=12.8%
  Pb: R2=0.988  MAPE=23.9%  mid=8.9%  high=2.7%

Appended to results.csv.
Loading data...
  1500 files loaded.
Building features (noise=gaussian_pink_student_t, snr=30, seed=34)...
  1500 feature rows (24.3s)
Evaluating RF with stratified 5-fold CV...

Results:
  Cd: R2=0.959  MAPE=42.1%  mid=17.8%  high=11.4%
  Pb: R2=0.985  MAPE=27.1%  mid=11.8%  high=3.3%

Appended to results.csv.
Loading data...
  1500 files loaded.
Building features (noise=gaussian_pink_student_t, snr=30, seed=101)...
  1500 feature rows (24.3s)
Evaluating RF with stratified 5-fold CV...

Results:
  Cd: R2=0.952  MAPE=42.7%  mid=20.4%  high=12.3%
  Pb: R2=0.984  MAPE=21.5%  mid=10.7%  high=2.9%

Appended to results.csv.
Loading data...
  1500 files loaded.
Building features (noise=gaussian_pink_student_t, snr=30, seed=202)...
  1500 feature rows (24.2s)
Evaluating RF with stratified 5-fold CV...

Results:
  Cd: R2=0.970  MAPE=47.6%  mid=14.6%  high=10.0%
  Pb: R2=0.987  MAPE=19.2%  mid=9.7%  high=2.9%

Appended to results.csv.
Loading data...
  1500 files loaded.
Building features (noise=gaussian_pink_student_t, snr=30, seed=303)...
  1500 feature rows (25.3s)
Evaluating RF with stratified 5-fold CV...

Results:
  Cd: R2=0.975  MAPE=36.3%  mid=15.2%  high=8.9%
  Pb: R2=0.986  MAPE=28.0%  mid=10.2%  high=3.0%

Appended to results.csv.
Loading data...
  1500 files loaded.
Building features (noise=gaussian_pink_student_t, snr=30, seed=404)...
  1500 feature rows (24.2s)
Evaluating RF with stratified 5-fold CV...

Results:
  Cd: R2=0.975  MAPE=32.1%  mid=15.0%  high=9.2%
  Pb: R2=0.988  MAPE=23.7%  mid=11.0%  high=2.9%

Appended to results.csv.
Loading data...
  1500 files loaded.
Building features (noise=gaussian_pink_student_t, snr=30, seed=505)...
  1500 feature rows (24.3s)
Evaluating RF with stratified 5-fold CV...

Results:
  Cd: R2=0.965  MAPE=39.1%  mid=12.3%  high=12.8%
  Pb: R2=0.988  MAPE=20.5%  mid=11.3%  high=3.0%

Appended to results.csv.
Loading data...
  1500 files loaded.
Building features (noise=gaussian_pink_student_t, snr=30, seed=606)...
  1500 feature rows (24.2s)
Evaluating RF with stratified 5-fold CV...

Results:
  Cd: R2=0.973  MAPE=42.0%  mid=13.9%  high=10.7%
  Pb: R2=0.985  MAPE=23.0%  mid=9.7%  high=3.0%

Appended to results.csv.
Loading data...
  1500 files loaded.
Building features (noise=gaussian_pink_student_t, snr=30, seed=808)...
  1500 feature rows (25.5s)
Evaluating RF with stratified 5-fold CV...

Results:
  Cd: R2=0.950  MAPE=37.6%  mid=11.9%  high=13.1%
  Pb: R2=0.987  MAPE=19.1%  mid=11.6%  high=2.9%

Appended to results.csv.
=== stats ===

Augmentation effect at SNR = 30 dB (paired across 20 seeds):
metal              noise_type  n_seeds  baseline_MAPE_mid  noise_MAPE_mid  delta_pct  delta_pct_CI_lo  delta_pct_CI_hi  p_value_wilcoxon_exact  p_value_ttest  cohen_dz
   Cd                gaussian       20              40.42           17.92     -54.92           -59.99           -49.86               9.537e-07      7.808e-12     -3.16
   Cd               student_t       20              40.42           15.39     -61.22           -64.23            -58.2               9.537e-07      2.751e-13    -3.819
   Cd                    pink       20              40.42           14.64     -62.83           -67.37           -58.28               9.537e-07      1.554e-12    -3.465
   Cd                  hetero       20              40.42              18     -54.77           -60.48           -49.06               9.537e-07      1.161e-11    -3.089
   Cd           gaussian_pink       20              40.42           15.94     -59.68           -64.34           -55.03               9.537e-07      6.705e-12    -3.188
   Cd      gaussian_student_t       20              40.42           16.24     -58.98           -63.22           -54.73               9.537e-07      1.157e-12    -3.523
   Cd         gaussian_hetero       20              40.42           18.77     -53.33           -59.25           -47.41               9.537e-07      6.822e-12    -3.185
   Cd          pink_student_t       20              40.42            16.6     -57.84           -62.89           -52.79               9.537e-07       2.11e-11    -2.984
   Cd gaussian_pink_student_t       20              40.42           15.79     -59.93           -64.65           -55.21               9.537e-07      5.441e-12    -3.226
   Pb                gaussian       20              10.17           9.787      -3.71           -7.366         -0.05464                 0.05826        0.04664   -0.4758
   Pb               student_t       20              10.17           10.19     0.2561           -3.805            4.317                  0.9854         0.9049   0.02708
   Pb                    pink       20              10.17           10.44      2.828           -2.106            7.762                  0.3683         0.2604    0.2594
   Pb                  hetero       20              10.17           9.601     -5.527           -9.936           -1.118                 0.02395        0.01712   -0.5842
   Pb           gaussian_pink       20              10.17           10.73      5.621            1.858            9.384                 0.00639       0.005822    0.6944
   Pb      gaussian_student_t       20              10.17           9.704     -4.443           -7.904          -0.9819                 0.01531        0.01272   -0.6151
   Pb         gaussian_hetero       20              10.17           10.05     -1.156           -5.969            3.656                  0.4749          0.615   -0.1143
   Pb          pink_student_t       20              10.17           10.87      7.028            3.225            10.83               0.0007076         0.0013    0.8427
   Pb gaussian_pink_student_t       20              10.17            10.6      4.372           0.1697            8.574                 0.07585        0.04391    0.4826

Saved augmentation_stats.csv.
=== SWEEP COMPLETE ===
